<?xml version="1.0" encoding="UTF-8"?>
<!-- Generated by org.testng.reporters.JUnitReportReporter -->
<testsuite hostname="DESKTOP-73H5LBP" failures="0" tests="3" name="parameters.ParameterDataproviderWithClassLevel" time="9.208" errors="0" timestamp="2021-05-30T09:08:40 GMT-03:00" skipped="0">
  <testcase classname="parameters.ParameterDataproviderWithClassLevel" name="testMethod" time="3.106"/>
  <system-out/>
  <testcase classname="parameters.ParameterDataproviderWithClassLevel" name="testMethod" time="3.060"/>
  <system-out/>
  <testcase classname="parameters.ParameterDataproviderWithClassLevel" name="testMethod" time="3.042"/>
  <system-out/>
</testsuite> <!-- parameters.ParameterDataproviderWithClassLevel -->
