<?xml version="1.0" encoding="UTF-8"?>
<!-- Generated by org.testng.reporters.JUnitReportReporter -->
<testsuite hostname="DESKTOP-73H5LBP" failures="0" tests="3" name="parameters.ParameterByDataprovider" time="9.219" errors="0" timestamp="2021-05-30T09:01:48 GMT-03:00" skipped="0">
  <testcase classname="parameters.ParameterByDataprovider" name="testMethod" time="3.109"/>
  <system-out/>
  <testcase classname="parameters.ParameterByDataprovider" name="testMethod" time="3.060"/>
  <system-out/>
  <testcase classname="parameters.ParameterByDataprovider" name="testMethod" time="3.050"/>
  <system-out/>
</testsuite> <!-- parameters.ParameterByDataprovider -->
