<?xml version="1.0" encoding="UTF-8"?>
<!-- Generated by org.testng.reporters.JUnitReportReporter -->
<testsuite hostname="DESKTOP-73H5LBP" failures="0" tests="1" name="DateTimePicker" time="5.657" errors="0" timestamp="2021-05-30T09:58:22 GMT-03:00" skipped="0">
  <testcase classname="DateTimePicker" name="dateTimePicker" time="5.657"/>
  <system-out/>
</testsuite> <!-- DateTimePicker -->
