<?xml version="1.0" encoding="UTF-8"?>
<!-- Generated by org.testng.reporters.JUnitReportReporter -->
<testsuite hostname="DESKTOP-73H5LBP" failures="0" tests="5" name="Tests.Test04_Priorization_example" time="0.000" errors="0" timestamp="2021-05-29T20:30:26 GMT-03:00" skipped="0">
  <testcase classname="Tests.Test04_Priorization_example" name="c_method" time="0.000"/>
  <system-out/>
  <testcase classname="Tests.Test04_Priorization_example" name="e_method" time="0.000"/>
  <system-out/>
  <testcase classname="Tests.Test04_Priorization_example" name="b_method" time="0.000"/>
  <system-out/>
  <testcase classname="Tests.Test04_Priorization_example" name="a_method" time="0.000"/>
  <system-out/>
  <testcase classname="Tests.Test04_Priorization_example" name="d_method" time="0.000"/>
  <system-out/>
</testsuite> <!-- Tests.Test04_Priorization_example -->
