<?xml version="1.0" encoding="UTF-8"?>
<!-- Generated by org.testng.reporters.JUnitReportReporter -->
<testsuite hostname="DESKTOP-73H5LBP" failures="0" tests="2" name="Tests.Test02_Priorization" time="2.566" errors="0" timestamp="2021-05-29T20:30:26 GMT-03:00" skipped="0">
  <testcase classname="Tests.Test02_Priorization" name="register" time="1.308"/>
  <system-out/>
  <testcase classname="Tests.Test02_Priorization" name="support" time="1.258"/>
  <system-out/>
</testsuite> <!-- Tests.Test02_Priorization -->
