<?xml version="1.0" encoding="UTF-8"?>
<!-- Generated by org.testng.reporters.JUnitReportReporter -->
<testsuite hostname="DESKTOP-73H5LBP" failures="0" tests="1" name="Tests.Test01_TestNG_Simple_Annotation" time="0.004" errors="0" timestamp="2021-05-29T20:30:26 GMT-03:00" skipped="0">
  <testcase classname="Tests.Test01_TestNG_Simple_Annotation" name="verifyHomepageTitle" time="0.004"/>
  <system-out/>
</testsuite> <!-- Tests.Test01_TestNG_Simple_Annotation -->
