<?xml version="1.0" encoding="UTF-8"?>
<!-- Generated by org.testng.reporters.JUnitReportReporter -->
<testsuite hostname="DESKTOP-73H5LBP" failures="0" tests="1" name="Tests.NewTest" time="9.874" errors="0" timestamp="2021-05-29T19:12:27 GMT-03:00" skipped="0">
  <testcase classname="Tests.NewTest" name="verifyHomepageTitle" time="9.874"/>
  <system-out/>
</testsuite> <!-- Tests.NewTest -->
