<?xml version="1.0" encoding="UTF-8"?>
<!-- Generated by org.testng.reporters.JUnitReportReporter -->
<testsuite hostname="DESKTOP-73H5LBP" failures="0" tests="1" name="Tests.Test01_FirstTestNG_Test_Case" time="0.008" errors="0" timestamp="2021-05-29T19:23:09 GMT-03:00" skipped="0">
  <testcase classname="Tests.Test01_FirstTestNG_Test_Case" name="verifyHomepageTitle" time="0.008"/>
  <system-out/>
</testsuite> <!-- Tests.Test01_FirstTestNG_Test_Case -->
